<?xml version="1.0" encoding="UTF-8"?>
<testsuite xmlns:xsi="http://www.w3.org/2001/XMLSchema-instance" xsi:noNamespaceSchemaLocation="https://maven.apache.org/surefire/maven-surefire-plugin/xsd/surefire-test-report-3.0.xsd" version="3.0" name="drinkshop.tests.StocServiceTest" time="0.013" tests="7" errors="1" skipped="0" failures="0">
  <properties>
[...]
</properties>
  <testcase name="testAreSuficient_ListaGoala" classname="drinkshop.tests.StocServiceTest" time="0.002"/>
  <testcase name="testAreSuficient_DisponibilZero" classname="drinkshop.tests.StocServiceTest" time="0.005"/>
  <testcase name="testAreSuficient_ValidUnIngredient" classname="drinkshop.tests.StocServiceTest" time="0.001"/>
  <testcase name="testAreSuficient_ValidMultipleIngrediente" classname="drinkshop.tests.StocServiceTest" time="0.0"/>
  <testcase name="testAreSuficient_StocInsuficient" classname="drinkshop.tests.StocServiceTest" time="0.0"/>
  <testcase name="testAreSuficient_CantitateZero" classname="drinkshop.tests.StocServiceTest" time="0.002"/>
  <testcase name="testAreSuficient_RetetaNull" classname="drinkshop.tests.StocServiceTest" time="0.0">
    <error message="Cannot invoke &quot;drinkshop.domain.Reteta.getIngrediente()&quot; because &quot;reteta&quot; is null" type="java.lang.NullPointerException"><![CDATA[java.lang.NullPointerException: Cannot invoke "drinkshop.domain.Reteta.getIngrediente()" because "reteta" is null
	at drinkshop.service.StocService.areSuficient(StocService.java:43)
	at drinkshop.tests.StocServiceTest.testAreSuficient_RetetaNull(StocServiceTest.java:42)
	at java.base/java.lang.reflect.Method.invoke(Method.java:580)
	at java.base/java.util.ArrayList.forEach(ArrayList.java:1596)
	at java.base/java.util.ArrayList.forEach(ArrayList.java:1596)
]]></error>
  </testcase>
</testsuite>